2017-Oct-04 18:21:43 Наличие необходимых модулей php (check_php_modules): Ok
Все необходимые модули установлены
2017-Oct-04 18:21:43 Обязательные параметры PHP (check_php_settings): Ok
Настройки правильные
2017-Oct-04 18:21:43 Модули веб-сервера (check_security): Ok
Конфликтов не выявлено
2017-Oct-04 18:21:43 Значения переменных сервера (check_server_vars): Ok
Корректные
2017-Oct-04 18:21:44 Сохранение сессии (check_session): Ok
50% done
2017-Oct-04 18:21:44 Сохранение сессии (check_session): Ok
Успешно
2017-Oct-04 18:21:44 Параметры настройки UTF (mbstring и константа BX_UTF) (check_mbstring): Ok
Правильные. Сайт работает в UTF кодировке
2017-Oct-04 18:21:44 Служебные скрипты в корне сайта (check_install_scripts): Ok
Отсутствуют
2017-Oct-04 18:21:44 Работа с сокетами (check_socket): Fail
Connection to bitrix.dev:80	Fail
Socket error [111]: Connection refused

Ошибка! Не работает
2017-Oct-04 18:21:44 Выполнение агентов на cron (check_bx_crontab): Warning
Замечание. Агенты выполняются на хитах, рекомендуется перевести выполнение агентов на cron
2017-Oct-04 18:21:44 Параметры подключения к базе данных (check_dbconn_settings): Ok
Успешно
2017-Oct-04 18:21:44 Лишний вывод в файлах конфигурации (check_dbconn): Warning
Замечание. Не удалось проверить из-за ошибки в работе с сокетами
2017-Oct-04 18:21:45 Сохранение сессии без UserAgent (check_session_ua): Warning
Замечание. Не удалось проверить из-за ошибки в работе с сокетами
2017-Oct-04 18:21:45 Настройки сайтов (check_sites): Ok
Правильные
2017-Oct-04 18:21:45 Передача объектов по ссылке (check_clone): Ok
Успешно
2017-Oct-04 18:21:45 Размер стека и pcre.recursion_limit (check_pcre_recursion): Warning
Замечание. Не удалось проверить из-за ошибки в работе с сокетами
2017-Oct-04 18:21:45 Вызов method_exists на строке (check_method_exists): Warning
Замечание. Не удалось проверить из-за ошибки в работе с сокетами
2017-Oct-04 18:21:45 Загрузка файла (check_upload): Warning
Замечание. Не удалось проверить из-за ошибки в работе с сокетами
2017-Oct-04 18:21:45 Загрузка файла больше 4Мб (check_upload_big): Warning
Замечание. Не удалось проверить из-за ошибки в работе с сокетами
2017-Oct-04 18:21:45 Загрузка файла через php://input (check_upload_raw): Warning
Замечание. Не удалось проверить из-за ошибки в работе с сокетами
2017-Oct-04 18:21:45 Передача POST запроса с большим числом параметров (check_post): Warning
Замечание. Не удалось проверить из-за ошибки в работе с сокетами
2017-Oct-04 18:21:46 Отправка почты (check_mail): Fail
Ошибка! Не работает
2017-Oct-04 18:21:46 Отправка почтового сообщения больше 64Кб (check_mail_big): Fail
Ошибка! Не работает
2017-Oct-04 18:21:46 Проверка на наличие неотправленных сообщений (check_mail_b_event): Ok
Успешно
2017-Oct-04 18:21:46 Внутреннее перенаправление (функция LocalRedirect) (check_localredirect): Warning
Замечание. Не удалось проверить из-за ошибки в работе с сокетами
2017-Oct-04 18:21:46 Фактическое ограничение памяти (check_memory_limit): Warning
Замечание. Не удалось проверить из-за ошибки в работе с сокетами
2017-Oct-04 18:21:46 Работа с файлами кеша (check_cache): Ok
Успешно
2017-Oct-04 18:21:47 Доступ к серверу обновлений (check_update): Ok
Успешно
2017-Oct-04 18:21:47 HTTP авторизация (check_http_auth): Warning
Замечание. Не удалось проверить из-за ошибки в работе с сокетами
2017-Oct-04 18:21:47 Создание и запуск файла (check_exec): Warning
Замечание. Не удалось проверить из-за ошибки в работе с сокетами
2017-Oct-04 18:21:47 Функция getimagesize для swf (check_getimagesize): Ok
Успешно
2017-Oct-04 18:21:47 Версия MySQL-сервера (check_mysql_bug_version): Ok
Успешно
2017-Oct-04 18:21:48 Время на БД и веб-сервере (check_mysql_time): Ok
Успешно
2017-Oct-04 18:21:48 Режим работы MySQL (check_mysql_mode): Fail
Ошибка! Переменная sql_mode в MySQL должна быть пустая, текущее значение: STRICT_ALL_TABLES,NO_ENGINE_SUBSTITUTION
2017-Oct-04 18:21:48 Кодировка соединения (check_mysql_connection_charset): Ok
character_set_connection=utf8, collation_connection=utf8_unicode_ci, character_set_results=utf8
Успешно
2017-Oct-04 18:21:48 Кодировка базы данных (check_mysql_db_charset): Ok
CHARSET=utf8, COLLATION=utf8_unicode_ci
Успешно
2017-Oct-04 18:21:52 Кодировки таблиц в БД (check_mysql_table_charset): Ok
Успешно
2017-Oct-04 18:21:57 Структура базы данных (check_mysql_table_structure): Ok
0% done
2017-Oct-04 18:22:03 Структура базы данных (check_mysql_table_structure): Ok
4% done
2017-Oct-04 18:22:06 Структура базы данных (check_mysql_table_structure): Ok
9% done
2017-Oct-04 18:22:11 Структура базы данных (check_mysql_table_structure): Ok
13% done
2017-Oct-04 18:22:12 Структура базы данных (check_mysql_table_structure): Ok
18% done
2017-Oct-04 18:22:20 Структура базы данных (check_mysql_table_structure): Ok
22% done
2017-Oct-04 18:22:32 Структура базы данных (check_mysql_table_structure): Ok
27% done
2017-Oct-04 18:22:32 Структура базы данных (check_mysql_table_structure): Ok
31% done
2017-Oct-04 18:22:42 Структура базы данных (check_mysql_table_structure): Ok
36% done
2017-Oct-04 18:22:48 Структура базы данных (check_mysql_table_structure): Ok
40% done
2017-Oct-04 18:22:49 Структура базы данных (check_mysql_table_structure): Ok
45% done
2017-Oct-04 18:22:52 Структура базы данных (check_mysql_table_structure): Ok
50% done
2017-Oct-04 18:22:52 Структура базы данных (check_mysql_table_structure): Ok
54% done
2017-Oct-04 18:22:52 Структура базы данных (check_mysql_table_structure): Ok
59% done
2017-Oct-04 18:23:28 Структура базы данных (check_mysql_table_structure): Ok
63% done
2017-Oct-04 18:23:30 Структура базы данных (check_mysql_table_structure): Ok
68% done
2017-Oct-04 18:23:37 Структура базы данных (check_mysql_table_structure): Ok
72% done
2017-Oct-04 18:23:43 Структура базы данных (check_mysql_table_structure): Ok
77% done
2017-Oct-04 18:23:52 Структура базы данных (check_mysql_table_structure): Ok
81% done
2017-Oct-04 18:23:52 Структура базы данных (check_mysql_table_structure): Ok
86% done
2017-Oct-04 18:23:54 Структура базы данных (check_mysql_table_structure): Ok
90% done
2017-Oct-04 18:23:54 Структура базы данных (check_mysql_table_structure): Ok
95% done
2017-Oct-04 18:23:54 Структура базы данных (check_mysql_table_structure): Ok
Успешно
